<?xml version="1.0" encoding="UTF-8"?>
<!-- Generated by org.testng.reporters.JUnitReportReporter -->
<testsuite hostname="Suresh" failures="0" tests="3" name="rupsapanda.tests.SubmitOrderTest" time="40.072" errors="0" timestamp="23 Mar 2024 17:55:12 GMT" skipped="0">
  <testcase classname="rupsapanda.tests.SubmitOrderTest" name="OrderHistoryTest" time="10.471"/>
  <testcase classname="rupsapanda.tests.SubmitOrderTest" name="submitOrder" time="13.544"/>
  <testcase classname="rupsapanda.tests.SubmitOrderTest" name="submitOrder" time="16.057"/>
</testsuite> <!-- rupsapanda.tests.SubmitOrderTest -->
