<?xml version="1.0" encoding="UTF-8"?>
<!-- Generated by org.testng.reporters.JUnitReportReporter -->
<testsuite hostname="Suresh" failures="0" tests="2" name="rupsapanda.tests.ErrorValidationTest" time="13.464" errors="0" timestamp="23 Mar 2024 18:05:34 GMT" skipped="0">
  <testcase classname="rupsapanda.tests.ErrorValidationTest" name="LoginErrorValidation" time="6.829"/>
  <testcase classname="rupsapanda.tests.ErrorValidationTest" name="ProductErrorValidation" time="6.635"/>
</testsuite> <!-- rupsapanda.tests.ErrorValidationTest -->
