<?xml version="1.0" encoding="UTF-8"?>
<!-- Generated by org.testng.reporters.JUnitReportReporter -->
<testsuite hostname="Suresh" failures="0" tests="1" name="rupsapanda.tests.ErrorValidationTest" time="4.374" errors="0" timestamp="16 Mar 2024 23:08:40 GMT" skipped="0">
  <testcase classname="rupsapanda.tests.ErrorValidationTest" name="LoginErrorValidation" time="4.374"/>
</testsuite> <!-- rupsapanda.tests.ErrorValidationTest -->
